Vivado Simulator 2018.1
Copyright 1986-1999, 2001-2017 Xilinx, Inc. All Rights Reserved.
Running: D:/Vivado/2018.1/bin/unwrapped/win64.o/xelab.exe -wto a76c10fdc8f74f14b65949ae1dc55e79 --incr --debug typical --relax --mt 2 -L xil_defaultlib -L secureip --snapshot Sim_nano_processor_behav xil_defaultlib.Sim_nano_processor -log elaborate.log 
Using 2 slave threads.
Starting static elaboration
Completed static elaboration
Starting simulation data flow analysis
Completed simulation data flow analysis
Time Resolution for simulation is 1ps
Compiling package std.standard
Compiling package std.textio
Compiling package ieee.std_logic_1164
Compiling package ieee.numeric_std
Compiling architecture behavioral of entity xil_defaultlib.Slow_Clk [slow_clk_default]
Compiling architecture behavioral of entity xil_defaultlib.programmer_counter_with_adder [programmer_counter_with_adder_de...]
Compiling architecture behavioral of entity xil_defaultlib.ROM [rom_default]
Compiling architecture behavioral of entity xil_defaultlib.Instruction_decoder [instruction_decoder_default]
Compiling architecture behavioral of entity xil_defaultlib.Mux_2_4bit_op [mux_2_4bit_op_default]
Compiling architecture behavioral of entity xil_defaultlib.Decoder_2_to_4 [decoder_2_to_4_default]
Compiling architecture behavioral of entity xil_defaultlib.Decoder_3_to_8 [decoder_3_to_8_default]
Compiling architecture behavioral of entity xil_defaultlib.Regi [regi_default]
Compiling architecture behavioral of entity xil_defaultlib.Registers_Bank [registers_bank_default]
Compiling architecture behavioral of entity xil_defaultlib.Mux_8_4bit [mux_8_4bit_default]
Compiling architecture behavioral of entity xil_defaultlib.HA [ha_default]
Compiling architecture behavioral of entity xil_defaultlib.FA [fa_default]
Compiling architecture behavioral of entity xil_defaultlib.RCA_4 [rca_4_default]
Compiling architecture behavioral of entity xil_defaultlib.Add_Sub_unit [add_sub_unit_default]
Compiling architecture behavioral of entity xil_defaultlib.LUT_16_7 [lut_16_7_default]
Compiling architecture behavioral of entity xil_defaultlib.Nano_processor [nano_processor_default]
Compiling architecture behavioral of entity xil_defaultlib.sim_nano_processor
Built simulation snapshot Sim_nano_processor_behav
