Copyright 1986-2018 Xilinx, Inc. All Rights Reserved.
-------------------------------------------------------------------------------------------
| Tool Version : Vivado v.2018.1 (win64) Build 2188600 Wed Apr  4 18:40:38 MDT 2018
| Date         : Thu May 29 17:50:17 2025
| Host         : DESKTOP-NP5NV58 running 64-bit major release  (build 9200)
| Command      : report_control_sets -verbose -file Nano_processor_control_sets_placed.rpt
| Design       : Nano_processor
| Device       : xc7a35t
-------------------------------------------------------------------------------------------

Control Set Information

Table of Contents
-----------------
1. Summary
2. Histogram
3. Flip-Flop Distribution
4. Detailed Control Set Information

1. Summary
----------

+----------------------------------------------------------+-------+
|                          Status                          | Count |
+----------------------------------------------------------+-------+
| Number of unique control sets                            |     6 |
| Unused register locations in slices containing registers |    23 |
+----------------------------------------------------------+-------+


2. Histogram
------------

+--------+--------------+
| Fanout | Control Sets |
+--------+--------------+
|      3 |            2 |
|      4 |            3 |
|    16+ |            1 |
+--------+--------------+


3. Flip-Flop Distribution
-------------------------

+--------------+-----------------------+------------------------+-----------------+--------------+
| Clock Enable | Synchronous Set/Reset | Asynchronous Set/Reset | Total Registers | Total Slices |
+--------------+-----------------------+------------------------+-----------------+--------------+
| No           | No                    | No                     |               6 |            3 |
| No           | No                    | Yes                    |               0 |            0 |
| No           | Yes                   | No                     |              31 |            8 |
| Yes          | No                    | No                     |               0 |            0 |
| Yes          | No                    | Yes                    |               0 |            0 |
| Yes          | Yes                   | No                     |              12 |            5 |
+--------------+-----------------------+------------------------+-----------------+--------------+


4. Detailed Control Set Information
-----------------------------------

+-----------------+------------------------+------------------------------+------------------+----------------+
|   Clock Signal  |      Enable Signal     |       Set/Reset Signal       | Slice Load Count | Bel Load Count |
+-----------------+------------------------+------------------------------+------------------+----------------+
|  Slow_Clk_0/CLK |                        |                              |                1 |              3 |
|  Clk_IBUF_BUFG  |                        |                              |                2 |              3 |
|  Slow_Clk_0/CLK | pc_new_0/E[0]          | Reset_IBUF                   |                2 |              4 |
|  Slow_Clk_0/CLK | pc_new_0/Reg_Enable[0] | Reset_IBUF                   |                2 |              4 |
|  Slow_Clk_0/CLK | pc_new_0/Reg_Enable[1] | Reset_IBUF                   |                1 |              4 |
|  Clk_IBUF_BUFG  |                        | Slow_Clk_0/count[31]_i_1_n_0 |                8 |             31 |
+-----------------+------------------------+------------------------------+------------------+----------------+


